2025-01-25 22:30:34  WM_QUERYENDSESSION (lParam: 0 - ordinary system shutdown/restart) =====================================
2025-01-25 22:30:35  WM_ENDSESSION (wParam: TRUE, lParam: 0 - ordinary system shutdown/restart)
2025-01-25 22:30:35  C:\Users\ToYu\Notepad++\config.xml is opened.
2025-01-25 22:30:35  C:\Users\ToYu\Notepad++\config.xml  11041/11041 bytes are written.
2025-01-25 22:30:35  C:\Users\ToYu\Notepad++\config.xml is closed.
2025-01-25 22:30:35  C:\Users\ToYu\Notepad++\session.xml is opened.
2025-01-25 22:30:35  C:\Users\ToYu\Notepad++\session.xml  2738/2738 bytes are written.
2025-01-25 22:30:35  C:\Users\ToYu\Notepad++\session.xml is closed.
2025-01-25 22:30:35  WM_DESTROY (isEndSessionStarted == true)
2025-01-26 22:36:36  WM_QUERYENDSESSION (lParam: 0 - ordinary system shutdown/restart) =====================================
2025-01-26 22:36:36  WM_ENDSESSION (wParam: TRUE, lParam: 0 - ordinary system shutdown/restart)
2025-01-26 22:36:37  C:\Users\ToYu\Notepad++\config.xml is opened.
2025-01-26 22:36:37  C:\Users\ToYu\Notepad++\config.xml  11048/11048 bytes are written.
2025-01-26 22:36:37  C:\Users\ToYu\Notepad++\config.xml is closed.
2025-01-26 22:36:37  C:\Users\ToYu\Notepad++\session.xml is opened.
2025-01-26 22:36:37  C:\Users\ToYu\Notepad++\session.xml  3314/3314 bytes are written.
2025-01-26 22:36:37  C:\Users\ToYu\Notepad++\session.xml is closed.
2025-01-26 22:36:37  WM_DESTROY (isEndSessionStarted == true)
2025-01-27 21:40:19  WM_QUERYENDSESSION (lParam: 2147483648 - ENDSESSION_LOGOFF) =====================================
2025-01-27 21:40:20  WM_ENDSESSION (wParam: TRUE, lParam: 2147483648 - ENDSESSION_LOGOFF)
2025-01-27 21:40:20  C:\Users\ToYu\Notepad++\config.xml is opened.
2025-01-27 21:40:20  C:\Users\ToYu\Notepad++\config.xml  10979/10979 bytes are written.
2025-01-27 21:40:20  C:\Users\ToYu\Notepad++\config.xml is closed.
2025-01-27 21:40:20  C:\Users\ToYu\Notepad++\session.xml is opened.
2025-01-27 21:40:20  C:\Users\ToYu\Notepad++\session.xml  2020/2020 bytes are written.
2025-01-27 21:40:20  C:\Users\ToYu\Notepad++\session.xml is closed.
2025-01-27 21:40:20  WM_DESTROY (isEndSessionStarted == true)
2025-01-27 23:49:52  WM_QUERYENDSESSION (lParam: 0 - ordinary system shutdown/restart) =====================================
2025-01-27 23:49:53  WM_ENDSESSION (wParam: TRUE, lParam: 0 - ordinary system shutdown/restart)
2025-01-27 23:49:53  C:\Users\ToYu\notepad++\config.xml is opened.
2025-01-27 23:49:53  C:\Users\ToYu\notepad++\config.xml  10979/10979 bytes are written.
2025-01-27 23:49:53  C:\Users\ToYu\notepad++\config.xml is closed.
2025-01-27 23:49:53  C:\Users\ToYu\notepad++\session.xml is opened.
2025-01-27 23:49:53  C:\Users\ToYu\notepad++\session.xml  3426/3426 bytes are written.
2025-01-27 23:49:53  C:\Users\ToYu\notepad++\session.xml is closed.
2025-01-27 23:49:53  WM_DESTROY (isEndSessionStarted == true)
2025-01-30 16:04:23  WM_QUERYENDSESSION (lParam: 2147483648 - ENDSESSION_LOGOFF) =====================================
2025-01-30 16:04:24  WM_ENDSESSION (wParam: TRUE, lParam: 2147483648 - ENDSESSION_LOGOFF)
2025-01-30 16:04:25  C:\Users\ToYu\notepad++\config.xml is opened.
2025-01-30 16:04:25  C:\Users\ToYu\notepad++\config.xml  11108/11108 bytes are written.
2025-01-30 16:04:25  C:\Users\ToYu\notepad++\config.xml is closed.
2025-01-30 16:04:25  C:\Users\ToYu\notepad++\session.xml is opened.
2025-01-30 16:04:25  C:\Users\ToYu\notepad++\session.xml  3235/3235 bytes are written.
2025-01-30 16:04:25  C:\Users\ToYu\notepad++\session.xml is closed.
2025-01-30 16:04:25  WM_DESTROY (isEndSessionStarted == true)
2025-01-30 17:20:46  WM_QUERYENDSESSION (lParam: 2147483648 - ENDSESSION_LOGOFF) =====================================
2025-01-30 17:20:47  WM_ENDSESSION (wParam: TRUE, lParam: 2147483648 - ENDSESSION_LOGOFF)
2025-01-30 17:20:48  C:\Users\ToYu\notepad++\config.xml is opened.
2025-01-30 17:20:48  C:\Users\ToYu\notepad++\config.xml  11341/11341 bytes are written.
2025-01-30 17:20:48  C:\Users\ToYu\notepad++\config.xml is closed.
2025-01-30 17:20:48  C:\Users\ToYu\notepad++\session.xml is opened.
2025-01-30 17:20:48  C:\Users\ToYu\notepad++\session.xml  1403/1403 bytes are written.
2025-01-30 17:20:48  C:\Users\ToYu\notepad++\session.xml is closed.
2025-01-30 17:20:48  WM_DESTROY (isEndSessionStarted == true)
2025-01-30 17:36:31  WM_QUERYENDSESSION (lParam: 2147483648 - ENDSESSION_LOGOFF) =====================================
2025-01-30 17:36:31  WM_ENDSESSION (wParam: TRUE, lParam: 2147483648 - ENDSESSION_LOGOFF)
2025-01-30 17:36:31  C:\Users\ToYu\notepad++\config.xml is opened.
2025-01-30 17:36:31  C:\Users\ToYu\notepad++\config.xml  11211/11211 bytes are written.
2025-01-30 17:36:31  C:\Users\ToYu\notepad++\config.xml is closed.
2025-01-30 17:36:31  C:\Users\ToYu\notepad++\session.xml is opened.
2025-01-30 17:36:31  C:\Users\ToYu\notepad++\session.xml  2610/2610 bytes are written.
2025-01-30 17:36:31  C:\Users\ToYu\notepad++\session.xml is closed.
2025-01-30 17:36:31  WM_DESTROY (isEndSessionStarted == true)
2025-01-30 17:45:56  WM_QUERYENDSESSION (lParam: 2147483648 - ENDSESSION_LOGOFF) =====================================
2025-01-30 17:45:56  WM_ENDSESSION (wParam: TRUE, lParam: 2147483648 - ENDSESSION_LOGOFF)
2025-01-30 17:45:57  C:\Users\ToYu\notepad++\config.xml is opened.
2025-01-30 17:45:57  C:\Users\ToYu\notepad++\config.xml  11304/11304 bytes are written.
2025-01-30 17:45:57  C:\Users\ToYu\notepad++\config.xml is closed.
2025-01-30 17:45:57  C:\Users\ToYu\notepad++\session.xml is opened.
2025-01-30 17:45:57  C:\Users\ToYu\notepad++\session.xml  2615/2615 bytes are written.
2025-01-30 17:45:57  C:\Users\ToYu\notepad++\session.xml is closed.
2025-01-30 17:45:57  WM_DESTROY (isEndSessionStarted == true)
2025-01-30 19:04:49  WM_QUERYENDSESSION (lParam: 2147483648 - ENDSESSION_LOGOFF) =====================================
2025-01-30 19:04:49  WM_ENDSESSION (wParam: TRUE, lParam: 2147483648 - ENDSESSION_LOGOFF)
2025-01-30 19:04:49  C:\Users\ToYu\notepad++\config.xml is opened.
2025-01-30 19:04:49  C:\Users\ToYu\notepad++\config.xml  11057/11057 bytes are written.
2025-01-30 19:04:49  C:\Users\ToYu\notepad++\config.xml is closed.
2025-01-30 19:04:50  C:\Users\ToYu\notepad++\session.xml is opened.
2025-01-30 19:04:50  C:\Users\ToYu\notepad++\session.xml  3211/3211 bytes are written.
2025-01-30 19:04:50  C:\Users\ToYu\notepad++\session.xml is closed.
2025-01-30 19:04:50  WM_DESTROY (isEndSessionStarted == true)
2025-01-31 20:57:49  WM_QUERYENDSESSION (lParam: 2147483648 - ENDSESSION_LOGOFF) =====================================
2025-01-31 20:57:50  WM_ENDSESSION (wParam: TRUE, lParam: 2147483648 - ENDSESSION_LOGOFF)
2025-01-31 20:57:50  C:\Users\ToYu\notepad++\config.xml is opened.
2025-01-31 20:57:50  C:\Users\ToYu\notepad++\config.xml  11141/11141 bytes are written.
2025-01-31 20:57:50  C:\Users\ToYu\notepad++\config.xml is closed.
2025-01-31 20:57:50  C:\Users\ToYu\notepad++\userDefineLangs\AutoHotKey.xml is opened.
2025-01-31 20:57:50  C:\Users\ToYu\notepad++\userDefineLangs\AutoHotKey.xml  21071/21071 bytes are written.
2025-01-31 20:57:50  C:\Users\ToYu\notepad++\userDefineLangs\AutoHotKey.xml is closed.
2025-01-31 20:57:50  C:\Users\ToYu\notepad++\session.xml is opened.
2025-01-31 20:57:50  C:\Users\ToYu\notepad++\session.xml  4399/4399 bytes are written.
2025-01-31 20:57:50  C:\Users\ToYu\notepad++\session.xml is closed.
2025-01-31 21:14:00  WM_QUERYENDSESSION (lParam: 2147483648 - ENDSESSION_LOGOFF) =====================================
2025-01-31 21:14:01  WM_ENDSESSION (wParam: TRUE, lParam: 2147483648 - ENDSESSION_LOGOFF)
2025-01-31 21:14:02  C:\Users\ToYu\notepad++\config.xml is opened.
2025-01-31 21:14:02  C:\Users\ToYu\notepad++\config.xml  11483/11483 bytes are written.
2025-01-31 21:14:02  C:\Users\ToYu\notepad++\config.xml is closed.
2025-01-31 21:14:02  C:\Users\ToYu\notepad++\userDefineLangs\AutoHotKey.xml is opened.
2025-01-31 21:14:02  C:\Users\ToYu\notepad++\userDefineLangs\AutoHotKey.xml  21111/21111 bytes are written.
2025-01-31 21:14:02  C:\Users\ToYu\notepad++\userDefineLangs\AutoHotKey.xml is closed.
2025-01-31 21:14:02  C:\Users\ToYu\notepad++\session.xml is opened.
2025-01-31 21:14:02  C:\Users\ToYu\notepad++\session.xml  3795/3795 bytes are written.
2025-01-31 21:14:02  C:\Users\ToYu\notepad++\session.xml is closed.
2025-01-31 22:21:35  WM_QUERYENDSESSION (lParam: 2147483648 - ENDSESSION_LOGOFF) =====================================
2025-01-31 22:21:35  WM_ENDSESSION (wParam: TRUE, lParam: 2147483648 - ENDSESSION_LOGOFF)
2025-01-31 22:21:36  C:\Users\ToYu\notepad++\config.xml is opened.
2025-01-31 22:21:36  C:\Users\ToYu\notepad++\config.xml  11273/11273 bytes are written.
2025-01-31 22:21:36  C:\Users\ToYu\notepad++\config.xml is closed.
2025-01-31 22:21:36  C:\Users\ToYu\notepad++\session.xml is opened.
2025-01-31 22:21:36  C:\Users\ToYu\notepad++\session.xml  3804/3804 bytes are written.
2025-01-31 22:21:36  C:\Users\ToYu\notepad++\session.xml is closed.
2025-01-31 22:21:36  WM_DESTROY (isEndSessionStarted == true)
2025-01-31 23:38:30  WM_QUERYENDSESSION (lParam: 0 - ordinary system shutdown/restart) =====================================
2025-01-31 23:38:31  WM_ENDSESSION (wParam: TRUE, lParam: 0 - ordinary system shutdown/restart)
2025-01-31 23:38:31  C:\Users\ToYu\notepad++\config.xml is opened.
2025-01-31 23:38:31  C:\Users\ToYu\notepad++\config.xml  11341/11341 bytes are written.
2025-01-31 23:38:31  C:\Users\ToYu\notepad++\config.xml is closed.
2025-01-31 23:38:31  C:\Users\ToYu\notepad++\userDefineLangs\AutoHotKey.xml is opened.
2025-01-31 23:38:31  C:\Users\ToYu\notepad++\userDefineLangs\AutoHotKey.xml  21159/21159 bytes are written.
2025-01-31 23:38:31  C:\Users\ToYu\notepad++\userDefineLangs\AutoHotKey.xml is closed.
2025-01-31 23:38:31  C:\Users\ToYu\notepad++\session.xml is opened.
2025-01-31 23:38:31  C:\Users\ToYu\notepad++\session.xml  1416/1416 bytes are written.
2025-01-31 23:38:31  C:\Users\ToYu\notepad++\session.xml is closed.
2025-02-01 12:02:01  WM_QUERYENDSESSION (lParam: 2147483648 - ENDSESSION_LOGOFF) =====================================
2025-02-01 12:02:01  WM_ENDSESSION (wParam: TRUE, lParam: 2147483648 - ENDSESSION_LOGOFF)
2025-02-01 12:02:02  C:\Users\ToYu\Notepad++\config.xml is opened.
2025-02-01 12:02:02  C:\Users\ToYu\Notepad++\config.xml  11129/11129 bytes are written.
2025-02-01 12:02:02  C:\Users\ToYu\Notepad++\config.xml is closed.
2025-02-01 12:02:02  C:\Users\ToYu\Notepad++\session.xml is opened.
2025-02-01 12:02:02  C:\Users\ToYu\Notepad++\session.xml  3203/3203 bytes are written.
2025-02-01 12:02:02  C:\Users\ToYu\Notepad++\session.xml is closed.
2025-02-01 12:02:02  WM_DESTROY (isEndSessionStarted == true)
2025-02-01 12:05:56  WM_QUERYENDSESSION (lParam: 2147483648 - ENDSESSION_LOGOFF) =====================================
2025-02-01 12:05:56  WM_ENDSESSION (wParam: TRUE, lParam: 2147483648 - ENDSESSION_LOGOFF)
2025-02-01 12:05:57  C:\Users\ToYu\notepad++\config.xml is opened.
2025-02-01 12:05:57  C:\Users\ToYu\notepad++\config.xml  11129/11129 bytes are written.
2025-02-01 12:05:57  C:\Users\ToYu\notepad++\config.xml is closed.
2025-02-01 12:05:57  C:\Users\ToYu\notepad++\session.xml is opened.
2025-02-01 12:05:57  C:\Users\ToYu\notepad++\session.xml  3204/3204 bytes are written.
2025-02-01 12:05:57  C:\Users\ToYu\notepad++\session.xml is closed.
2025-02-01 12:05:57  WM_DESTROY (isEndSessionStarted == true)
2025-02-01 12:18:42  WM_QUERYENDSESSION (lParam: 2147483648 - ENDSESSION_LOGOFF) =====================================
2025-02-01 12:18:42  WM_ENDSESSION (wParam: TRUE, lParam: 2147483648 - ENDSESSION_LOGOFF)
2025-02-01 12:18:42  C:\Users\ToYu\notepad++\config.xml is opened.
2025-02-01 12:18:42  C:\Users\ToYu\notepad++\config.xml  11121/11121 bytes are written.
2025-02-01 12:18:42  C:\Users\ToYu\notepad++\config.xml is closed.
2025-02-01 12:18:42  C:\Users\ToYu\notepad++\session.xml is opened.
2025-02-01 12:18:42  C:\Users\ToYu\notepad++\session.xml  3796/3796 bytes are written.
2025-02-01 12:18:42  C:\Users\ToYu\notepad++\session.xml is closed.
2025-02-01 12:18:42  WM_DESTROY (isEndSessionStarted == true)
2025-02-01 13:29:59  WM_QUERYENDSESSION (lParam: 0 - ordinary system shutdown/restart) =====================================
2025-02-01 13:30:00  WM_ENDSESSION (wParam: TRUE, lParam: 0 - ordinary system shutdown/restart)
2025-02-01 13:30:01  C:\Users\ToYu\notepad++\config.xml is opened.
2025-02-01 13:30:01  C:\Users\ToYu\notepad++\config.xml  11309/11309 bytes are written.
2025-02-01 13:30:01  C:\Users\ToYu\notepad++\config.xml is closed.
2025-02-01 13:30:01  C:\Users\ToYu\notepad++\userDefineLangs\AutoHotKey.xml is opened.
2025-02-01 13:30:01  C:\Users\ToYu\notepad++\userDefineLangs\AutoHotKey.xml  21184/21184 bytes are written.
2025-02-01 13:30:01  C:\Users\ToYu\notepad++\userDefineLangs\AutoHotKey.xml is closed.
2025-02-01 13:30:01  C:\Users\ToYu\notepad++\session.xml is opened.
2025-02-01 13:30:01  C:\Users\ToYu\notepad++\session.xml  3851/3851 bytes are written.
2025-02-01 13:30:01  C:\Users\ToYu\notepad++\session.xml is closed.
2025-02-01 13:30:01  WM_DESTROY (isEndSessionStarted == true)
2025-02-01 14:35:42  WM_QUERYENDSESSION (lParam: 2147483648 - ENDSESSION_LOGOFF) =====================================
2025-02-01 14:35:43  WM_ENDSESSION (wParam: TRUE, lParam: 2147483648 - ENDSESSION_LOGOFF)
2025-02-01 14:35:44  C:\Users\ToYu\Notepad++\config.xml is opened.
2025-02-01 14:35:44  C:\Users\ToYu\Notepad++\config.xml  11415/11415 bytes are written.
2025-02-01 14:35:44  C:\Users\ToYu\Notepad++\config.xml is closed.
2025-02-01 14:35:44  C:\Users\ToYu\Notepad++\session.xml is opened.
2025-02-01 14:35:44  C:\Users\ToYu\Notepad++\session.xml  3207/3207 bytes are written.
2025-02-01 14:35:44  C:\Users\ToYu\Notepad++\session.xml is closed.
2025-02-01 14:35:44  WM_DESTROY (isEndSessionStarted == true)
2025-02-01 14:36:48  WM_QUERYENDSESSION (lParam: 2147483648 - ENDSESSION_LOGOFF) =====================================
2025-02-01 14:36:48  WM_ENDSESSION (wParam: TRUE, lParam: 2147483648 - ENDSESSION_LOGOFF)
2025-02-01 14:36:49  C:\Users\ToYu\notepad++\config.xml is opened.
2025-02-01 14:36:49  C:\Users\ToYu\notepad++\config.xml  11415/11415 bytes are written.
2025-02-01 14:36:49  C:\Users\ToYu\notepad++\config.xml is closed.
2025-02-01 14:36:49  C:\Users\ToYu\notepad++\session.xml is opened.
2025-02-01 14:36:49  C:\Users\ToYu\notepad++\session.xml  3209/3209 bytes are written.
2025-02-01 14:36:49  C:\Users\ToYu\notepad++\session.xml is closed.
2025-02-01 14:36:49  WM_DESTROY (isEndSessionStarted == true)
2025-02-01 14:46:48  WM_QUERYENDSESSION (lParam: 2147483648 - ENDSESSION_LOGOFF) =====================================
2025-02-01 14:46:49  WM_ENDSESSION (wParam: TRUE, lParam: 2147483648 - ENDSESSION_LOGOFF)
2025-02-01 14:46:49  C:\Users\ToYu\notepad++\config.xml is opened.
2025-02-01 14:46:49  C:\Users\ToYu\notepad++\config.xml  11415/11415 bytes are written.
2025-02-01 14:46:49  C:\Users\ToYu\notepad++\config.xml is closed.
2025-02-01 14:46:49  C:\Users\ToYu\notepad++\session.xml is opened.
2025-02-01 14:46:49  C:\Users\ToYu\notepad++\session.xml  3207/3207 bytes are written.
2025-02-01 14:46:49  C:\Users\ToYu\notepad++\session.xml is closed.
2025-02-01 14:46:49  WM_DESTROY (isEndSessionStarted == true)
2025-02-01 16:27:45  WM_QUERYENDSESSION (lParam: 2147483648 - ENDSESSION_LOGOFF) =====================================
2025-02-01 16:27:45  WM_ENDSESSION (wParam: TRUE, lParam: 2147483648 - ENDSESSION_LOGOFF)
2025-02-01 16:27:45  C:\Users\ToYu\notepad++\config.xml is opened.
2025-02-01 16:27:45  C:\Users\ToYu\notepad++\config.xml  11419/11419 bytes are written.
2025-02-01 16:27:45  C:\Users\ToYu\notepad++\config.xml is closed.
2025-02-01 16:27:45  C:\Users\ToYu\notepad++\userDefineLangs\AutoHotKey.xml is opened.
2025-02-01 16:27:45  C:\Users\ToYu\notepad++\userDefineLangs\AutoHotKey.xml  21184/21184 bytes are written.
2025-02-01 16:27:45  C:\Users\ToYu\notepad++\userDefineLangs\AutoHotKey.xml is closed.
2025-02-01 16:27:46  C:\Users\ToYu\notepad++\userDefineLangs\Powershell.xml is opened.
2025-02-01 16:27:46  C:\Users\ToYu\notepad++\userDefineLangs\Powershell.xml  21057/21057 bytes are written.
2025-02-01 16:27:46  C:\Users\ToYu\notepad++\userDefineLangs\Powershell.xml is closed.
2025-02-01 16:27:46  C:\Users\ToYu\notepad++\session.xml is opened.
2025-02-01 16:27:46  C:\Users\ToYu\notepad++\session.xml  3796/3796 bytes are written.
2025-02-01 16:27:46  C:\Users\ToYu\notepad++\session.xml is closed.
2025-02-03 16:26:21  WM_QUERYENDSESSION (lParam: 0 - ordinary system shutdown/restart) =====================================
2025-02-03 16:26:22  WM_ENDSESSION (wParam: TRUE, lParam: 0 - ordinary system shutdown/restart)
2025-02-03 16:26:23  C:\Users\ToYu\notepad++\config.xml is opened.
2025-02-03 16:26:23  C:\Users\ToYu\notepad++\config.xml  11539/11539 bytes are written.
2025-02-03 16:26:23  C:\Users\ToYu\notepad++\config.xml is closed.
2025-02-03 16:26:23  C:\Users\ToYu\notepad++\session.xml is opened.
2025-02-03 16:26:23  C:\Users\ToYu\notepad++\session.xml  1425/1425 bytes are written.
2025-02-03 16:26:23  C:\Users\ToYu\notepad++\session.xml is closed.
2025-02-03 16:26:23  WM_DESTROY (isEndSessionStarted == true)
2025-02-03 16:43:08  WM_QUERYENDSESSION (lParam: 2147483648 - ENDSESSION_LOGOFF) =====================================
2025-02-03 16:43:08  WM_ENDSESSION (wParam: TRUE, lParam: 2147483648 - ENDSESSION_LOGOFF)
2025-02-03 16:43:09  C:\Users\ToYu\notepad++\config.xml is opened.
2025-02-03 16:43:09  C:\Users\ToYu\notepad++\config.xml  11539/11539 bytes are written.
2025-02-03 16:43:09  C:\Users\ToYu\notepad++\config.xml is closed.
2025-02-03 16:43:09  C:\Users\ToYu\notepad++\session.xml is opened.
2025-02-03 16:43:09  C:\Users\ToYu\notepad++\session.xml  1425/1425 bytes are written.
2025-02-03 16:43:09  C:\Users\ToYu\notepad++\session.xml is closed.
2025-02-03 16:43:09  WM_DESTROY (isEndSessionStarted == true)
2025-02-03 17:02:09  WM_QUERYENDSESSION (lParam: 2147483648 - ENDSESSION_LOGOFF) =====================================
2025-02-03 17:02:10  WM_ENDSESSION (wParam: TRUE, lParam: 2147483648 - ENDSESSION_LOGOFF)
2025-02-03 17:02:10  C:\Users\ToYu\notepad++\config.xml is opened.
2025-02-03 17:02:10  C:\Users\ToYu\notepad++\config.xml  11318/11318 bytes are written.
2025-02-03 17:02:10  C:\Users\ToYu\notepad++\config.xml is closed.
2025-02-03 17:02:10  C:\Users\ToYu\notepad++\session.xml is opened.
2025-02-03 17:02:10  C:\Users\ToYu\notepad++\session.xml  3212/3212 bytes are written.
2025-02-03 17:02:10  C:\Users\ToYu\notepad++\session.xml is closed.
2025-02-03 17:02:10  WM_DESTROY (isEndSessionStarted == true)
2025-02-04 19:11:00  WM_QUERYENDSESSION (lParam: 2147483648 - ENDSESSION_LOGOFF) =====================================
2025-02-04 19:11:01  WM_ENDSESSION (wParam: TRUE, lParam: 2147483648 - ENDSESSION_LOGOFF)
2025-02-04 19:11:03  C:\Users\ToYu\notepad++\config.xml is opened.
2025-02-04 19:11:03  C:\Users\ToYu\notepad++\config.xml  11541/11541 bytes are written.
2025-02-04 19:11:03  C:\Users\ToYu\notepad++\config.xml is closed.
2025-02-04 19:11:03  C:\Users\ToYu\notepad++\session.xml is opened.
2025-02-04 19:11:03  C:\Users\ToYu\notepad++\session.xml  1491/1491 bytes are written.
2025-02-04 19:11:03  C:\Users\ToYu\notepad++\session.xml is closed.
2025-02-04 19:11:03  WM_DESTROY (isEndSessionStarted == true)
2025-02-05 11:49:56  WM_QUERYENDSESSION (lParam: 2147483648 - ENDSESSION_LOGOFF) =====================================
2025-02-05 11:49:57  WM_ENDSESSION (wParam: TRUE, lParam: 2147483648 - ENDSESSION_LOGOFF)
2025-02-05 11:49:58  C:\Users\ToYu\Notepad++\config.xml is opened.
2025-02-05 11:49:58  C:\Users\ToYu\Notepad++\config.xml  11434/11434 bytes are written.
2025-02-05 11:49:58  C:\Users\ToYu\Notepad++\config.xml is closed.
2025-02-05 11:49:58  C:\Users\ToYu\Notepad++\session.xml is opened.
2025-02-05 11:49:58  C:\Users\ToYu\Notepad++\session.xml  2626/2626 bytes are written.
2025-02-05 11:49:58  C:\Users\ToYu\Notepad++\session.xml is closed.
2025-02-05 11:49:58  WM_DESTROY (isEndSessionStarted == true)
2025-02-05 19:30:08  WM_QUERYENDSESSION (lParam: 0 - ordinary system shutdown/restart) =====================================
2025-02-05 19:30:09  WM_ENDSESSION (wParam: TRUE, lParam: 0 - ordinary system shutdown/restart)
2025-02-05 19:30:10  C:\Users\ToYu\Notepad++\config.xml is opened.
2025-02-05 19:30:10  C:\Users\ToYu\Notepad++\config.xml  11586/11586 bytes are written.
2025-02-05 19:30:10  C:\Users\ToYu\Notepad++\config.xml is closed.
2025-02-05 19:30:11  C:\Users\ToYu\Notepad++\session.xml is opened.
2025-02-05 19:30:11  C:\Users\ToYu\Notepad++\session.xml  1429/1429 bytes are written.
2025-02-05 19:30:11  C:\Users\ToYu\Notepad++\session.xml is closed.
2025-02-05 19:30:11  WM_DESTROY (isEndSessionStarted == true)
2025-02-05 23:17:49  WM_QUERYENDSESSION (lParam: 1073741824 - ENDSESSION_CRITICAL) =====================================
2025-02-06 12:21:53  WM_QUERYENDSESSION (lParam: 2147483648 - ENDSESSION_LOGOFF) =====================================
2025-02-06 12:21:54  WM_ENDSESSION (wParam: TRUE, lParam: 2147483648 - ENDSESSION_LOGOFF)
2025-02-06 12:21:54  C:\Users\ToYu\Notepad++\config.xml is opened.
2025-02-06 12:21:54  C:\Users\ToYu\Notepad++\config.xml  11586/11586 bytes are written.
2025-02-06 12:21:54  C:\Users\ToYu\Notepad++\config.xml is closed.
2025-02-06 12:21:54  C:\Users\ToYu\Notepad++\session.xml is opened.
2025-02-06 12:21:54  C:\Users\ToYu\Notepad++\session.xml  1429/1429 bytes are written.
2025-02-06 12:21:54  C:\Users\ToYu\Notepad++\session.xml is closed.
2025-02-06 12:21:54  WM_DESTROY (isEndSessionStarted == true)
2025-02-07 16:39:11  WM_QUERYENDSESSION (lParam: 0 - ordinary system shutdown/restart) =====================================
2025-02-07 16:39:12  WM_ENDSESSION (wParam: TRUE, lParam: 0 - ordinary system shutdown/restart)
2025-02-07 16:39:12  C:\Users\ToYu\Notepad++\config.xml is opened.
2025-02-07 16:39:13  C:\Users\ToYu\Notepad++\config.xml  11425/11425 bytes are written.
2025-02-07 16:39:13  C:\Users\ToYu\Notepad++\config.xml is closed.
2025-02-07 16:39:13  C:\Users\ToYu\Notepad++\session.xml is opened.
2025-02-07 16:39:13  C:\Users\ToYu\Notepad++\session.xml  3853/3853 bytes are written.
2025-02-07 16:39:13  C:\Users\ToYu\Notepad++\session.xml is closed.
2025-02-07 16:39:13  WM_DESTROY (isEndSessionStarted == true)
2025-02-07 16:50:19  WM_QUERYENDSESSION (lParam: 2147483648 - ENDSESSION_LOGOFF) =====================================
2025-02-07 16:50:20  WM_ENDSESSION (wParam: TRUE, lParam: 2147483648 - ENDSESSION_LOGOFF)
2025-02-07 16:50:21  C:\Users\ToYu\Notepad++\config.xml is opened.
2025-02-07 16:50:21  C:\Users\ToYu\Notepad++\config.xml  11425/11425 bytes are written.
2025-02-07 16:50:21  C:\Users\ToYu\Notepad++\config.xml is closed.
2025-02-07 16:50:21  C:\Users\ToYu\Notepad++\session.xml is opened.
2025-02-07 16:50:21  C:\Users\ToYu\Notepad++\session.xml  3853/3853 bytes are written.
2025-02-07 16:50:21  C:\Users\ToYu\Notepad++\session.xml is closed.
2025-02-07 16:50:21  WM_DESTROY (isEndSessionStarted == true)
2025-02-07 17:05:57  WM_QUERYENDSESSION (lParam: 0 - ordinary system shutdown/restart) =====================================
2025-02-07 17:05:57  WM_ENDSESSION (wParam: TRUE, lParam: 0 - ordinary system shutdown/restart)
2025-02-07 17:05:58  C:\Users\ToYu\notepad++\config.xml is opened.
2025-02-07 17:05:58  C:\Users\ToYu\notepad++\config.xml  11514/11514 bytes are written.
2025-02-07 17:05:58  C:\Users\ToYu\notepad++\config.xml is closed.
2025-02-07 17:05:58  C:\Users\ToYu\notepad++\session.xml is opened.
2025-02-07 17:05:58  C:\Users\ToYu\notepad++\session.xml  4450/4450 bytes are written.
2025-02-07 17:05:58  C:\Users\ToYu\notepad++\session.xml is closed.
2025-02-07 17:05:58  WM_DESTROY (isEndSessionStarted == true)
2025-02-07 17:13:48  WM_QUERYENDSESSION (lParam: 2147483648 - ENDSESSION_LOGOFF) =====================================
2025-02-07 17:13:48  WM_ENDSESSION (wParam: TRUE, lParam: 2147483648 - ENDSESSION_LOGOFF)
2025-02-07 17:13:49  C:\Users\ToYu\Notepad++\config.xml is opened.
2025-02-07 17:13:49  C:\Users\ToYu\Notepad++\config.xml  11514/11514 bytes are written.
2025-02-07 17:13:49  C:\Users\ToYu\Notepad++\config.xml is closed.
2025-02-07 17:13:49  C:\Users\ToYu\Notepad++\session.xml is opened.
2025-02-07 17:13:49  C:\Users\ToYu\Notepad++\session.xml  4450/4450 bytes are written.
2025-02-07 17:13:49  C:\Users\ToYu\Notepad++\session.xml is closed.
2025-02-07 17:13:49  WM_DESTROY (isEndSessionStarted == true)
2025-02-07 17:39:07  WM_QUERYENDSESSION (lParam: 2147483648 - ENDSESSION_LOGOFF) =====================================
2025-02-07 17:39:08  WM_ENDSESSION (wParam: TRUE, lParam: 2147483648 - ENDSESSION_LOGOFF)
2025-02-07 17:39:09  C:\Users\ToYu\Notepad++\config.xml is opened.
2025-02-07 17:39:09  C:\Users\ToYu\Notepad++\config.xml  11511/11511 bytes are written.
2025-02-07 17:39:09  C:\Users\ToYu\Notepad++\config.xml is closed.
2025-02-07 17:39:09  C:\Users\ToYu\Notepad++\session.xml is opened.
2025-02-07 17:39:09  C:\Users\ToYu\Notepad++\session.xml  4453/4453 bytes are written.
2025-02-07 17:39:09  C:\Users\ToYu\Notepad++\session.xml is closed.
2025-02-07 17:39:09  WM_DESTROY (isEndSessionStarted == true)
2025-02-07 18:01:39  WM_QUERYENDSESSION (lParam: 2147483648 - ENDSESSION_LOGOFF) =====================================
2025-02-07 18:01:40  WM_ENDSESSION (wParam: TRUE, lParam: 2147483648 - ENDSESSION_LOGOFF)
2025-02-07 18:01:41  C:\Users\ToYu\Notepad++\config.xml is opened.
2025-02-07 18:01:41  C:\Users\ToYu\Notepad++\config.xml  11511/11511 bytes are written.
2025-02-07 18:01:41  C:\Users\ToYu\Notepad++\config.xml is closed.
2025-02-07 18:01:41  C:\Users\ToYu\Notepad++\session.xml is opened.
2025-02-07 18:01:41  C:\Users\ToYu\Notepad++\session.xml  5045/5045 bytes are written.
2025-02-07 18:01:41  C:\Users\ToYu\Notepad++\session.xml is closed.
2025-02-07 18:01:41  WM_DESTROY (isEndSessionStarted == true)
2025-02-07 18:03:10  WM_QUERYENDSESSION (lParam: 0 - ordinary system shutdown/restart) =====================================
2025-02-08 14:50:22  WM_QUERYENDSESSION (lParam: 2147483648 - ENDSESSION_LOGOFF) =====================================
2025-02-08 14:50:22  WM_ENDSESSION (wParam: TRUE, lParam: 2147483648 - ENDSESSION_LOGOFF)
2025-02-08 14:50:23  C:\Users\ToYu\Notepad++\config.xml is opened.
2025-02-08 14:50:23  C:\Users\ToYu\Notepad++\config.xml  11596/11596 bytes are written.
2025-02-08 14:50:23  C:\Users\ToYu\Notepad++\config.xml is closed.
2025-02-08 14:50:23  C:\Users\ToYu\Notepad++\session.xml is opened.
2025-02-08 14:50:23  C:\Users\ToYu\Notepad++\session.xml  5040/5040 bytes are written.
2025-02-08 14:50:23  C:\Users\ToYu\Notepad++\session.xml is closed.
2025-02-08 14:50:23  WM_DESTROY (isEndSessionStarted == true)
2025-02-08 15:04:52  WM_QUERYENDSESSION (lParam: 2147483648 - ENDSESSION_LOGOFF) =====================================
2025-02-08 15:04:52  WM_ENDSESSION (wParam: TRUE, lParam: 2147483648 - ENDSESSION_LOGOFF)
2025-02-08 15:04:54  C:\Users\ToYu\Notepad++\config.xml is opened.
2025-02-08 15:04:54  C:\Users\ToYu\Notepad++\config.xml  11596/11596 bytes are written.
2025-02-08 15:04:54  C:\Users\ToYu\Notepad++\config.xml is closed.
2025-02-08 15:04:54  C:\Users\ToYu\Notepad++\session.xml is opened.
2025-02-08 15:04:54  C:\Users\ToYu\Notepad++\session.xml  5042/5042 bytes are written.
2025-02-08 15:04:54  C:\Users\ToYu\Notepad++\session.xml is closed.
2025-02-08 15:04:54  WM_DESTROY (isEndSessionStarted == true)
2025-02-08 15:06:53  WM_QUERYENDSESSION (lParam: 2147483648 - ENDSESSION_LOGOFF) =====================================
2025-02-08 15:06:53  WM_ENDSESSION (wParam: TRUE, lParam: 2147483648 - ENDSESSION_LOGOFF)
2025-02-08 15:06:54  C:\Users\ToYu\Notepad++\config.xml is opened.
2025-02-08 15:06:54  C:\Users\ToYu\Notepad++\config.xml  11596/11596 bytes are written.
2025-02-08 15:06:54  C:\Users\ToYu\Notepad++\config.xml is closed.
2025-02-08 15:06:54  C:\Users\ToYu\Notepad++\session.xml is opened.
2025-02-08 15:06:54  C:\Users\ToYu\Notepad++\session.xml  5042/5042 bytes are written.
2025-02-08 15:06:54  C:\Users\ToYu\Notepad++\session.xml is closed.
2025-02-08 15:06:54  WM_DESTROY (isEndSessionStarted == true)
2025-02-08 15:08:56  WM_QUERYENDSESSION (lParam: 2147483648 - ENDSESSION_LOGOFF) =====================================
2025-02-08 15:08:57  WM_ENDSESSION (wParam: TRUE, lParam: 2147483648 - ENDSESSION_LOGOFF)
2025-02-08 15:08:58  C:\Users\ToYu\Notepad++\config.xml is opened.
2025-02-08 15:08:58  C:\Users\ToYu\Notepad++\config.xml  11596/11596 bytes are written.
2025-02-08 15:08:58  C:\Users\ToYu\Notepad++\config.xml is closed.
2025-02-08 15:08:58  C:\Users\ToYu\Notepad++\session.xml is opened.
2025-02-08 15:08:58  C:\Users\ToYu\Notepad++\session.xml  5042/5042 bytes are written.
2025-02-08 15:08:58  C:\Users\ToYu\Notepad++\session.xml is closed.
2025-02-08 15:08:58  WM_DESTROY (isEndSessionStarted == true)
2025-02-14 17:06:20  WM_QUERYENDSESSION (lParam: 1073741824 - ENDSESSION_CRITICAL) =====================================
2025-02-14 17:06:21  WM_ENDSESSION (wParam: TRUE, lParam: 1073741824 - ENDSESSION_CRITICAL)
2025-02-14 17:06:22  C:\Users\ToYu\notepad++\config.xml is opened.
2025-02-14 17:06:22  C:\Users\ToYu\notepad++\config.xml  11513/11513 bytes are written.
2025-02-14 17:06:22  C:\Users\ToYu\notepad++\config.xml is closed.
2025-02-14 17:06:22  C:\Users\ToYu\notepad++\userDefineLangs\AutoHotKey.xml is opened.
2025-02-14 17:06:22  C:\Users\ToYu\notepad++\userDefineLangs\AutoHotKey.xml  21343/21343 bytes are written.
2025-02-14 17:06:22  C:\Users\ToYu\notepad++\userDefineLangs\AutoHotKey.xml is closed.
2025-02-14 17:06:22  C:\Users\ToYu\notepad++\session.xml is opened.
2025-02-14 17:06:22  C:\Users\ToYu\notepad++\session.xml  1424/1424 bytes are written.
2025-02-14 17:06:22  C:\Users\ToYu\notepad++\session.xml is closed.
2025-02-14 17:06:22  WM_DESTROY (isEndSessionStarted == true)
2025-02-15 11:12:57  WM_QUERYENDSESSION (lParam: 2147483648 - ENDSESSION_LOGOFF) =====================================
2025-02-15 11:12:57  WM_ENDSESSION (wParam: TRUE, lParam: 2147483648 - ENDSESSION_LOGOFF)
2025-02-15 11:12:57  C:\Users\ToYu\Notepad++\config.xml is opened.
2025-02-15 11:12:57  C:\Users\ToYu\Notepad++\config.xml  11513/11513 bytes are written.
2025-02-15 11:12:57  C:\Users\ToYu\Notepad++\config.xml is closed.
2025-02-15 11:12:57  C:\Users\ToYu\Notepad++\session.xml is opened.
2025-02-15 11:12:57  C:\Users\ToYu\Notepad++\session.xml  1422/1422 bytes are written.
2025-02-15 11:12:57  C:\Users\ToYu\Notepad++\session.xml is closed.
2025-02-15 11:12:57  WM_DESTROY (isEndSessionStarted == true)
2025-02-15 11:13:49  WM_QUERYENDSESSION (lParam: 0 - ordinary system shutdown/restart) =====================================
2025-02-15 11:13:49  WM_ENDSESSION (wParam: TRUE, lParam: 0 - ordinary system shutdown/restart)
2025-02-15 11:13:49  C:\Users\ToYu\Notepad++\config.xml is opened.
2025-02-15 11:13:49  C:\Users\ToYu\Notepad++\config.xml  11513/11513 bytes are written.
2025-02-15 11:13:50  C:\Users\ToYu\Notepad++\config.xml is closed.
2025-02-15 11:13:50  C:\Users\ToYu\Notepad++\session.xml is opened.
2025-02-15 11:13:50  C:\Users\ToYu\Notepad++\session.xml  1422/1422 bytes are written.
2025-02-15 11:13:50  C:\Users\ToYu\Notepad++\session.xml is closed.
2025-02-15 11:13:50  WM_DESTROY (isEndSessionStarted == true)
2025-02-15 11:25:31  WM_QUERYENDSESSION (lParam: 2147483648 - ENDSESSION_LOGOFF) =====================================
2025-02-15 11:25:31  WM_ENDSESSION (wParam: TRUE, lParam: 2147483648 - ENDSESSION_LOGOFF)
2025-02-15 11:25:33  C:\Users\ToYu\Notepad++\config.xml is opened.
2025-02-15 11:25:33  C:\Users\ToYu\Notepad++\config.xml  11515/11515 bytes are written.
2025-02-15 11:25:33  C:\Users\ToYu\Notepad++\config.xml is closed.
2025-02-15 11:25:33  C:\Users\ToYu\Notepad++\session.xml is opened.
2025-02-15 11:25:33  C:\Users\ToYu\Notepad++\session.xml  1419/1419 bytes are written.
2025-02-15 11:25:33  C:\Users\ToYu\Notepad++\session.xml is closed.
2025-02-15 11:25:33  WM_DESTROY (isEndSessionStarted == true)
2025-02-15 12:03:31  WM_QUERYENDSESSION (lParam: 0 - ordinary system shutdown/restart) =====================================
2025-02-15 12:03:31  WM_ENDSESSION (wParam: TRUE, lParam: 0 - ordinary system shutdown/restart)
2025-02-15 12:03:32  C:\Users\ToYu\notepad++\config.xml is opened.
2025-02-15 12:03:32  C:\Users\ToYu\notepad++\config.xml  11701/11701 bytes are written.
2025-02-15 12:03:32  C:\Users\ToYu\notepad++\config.xml is closed.
2025-02-15 12:03:32  C:\Users\ToYu\notepad++\session.xml is opened.
2025-02-15 12:03:32  C:\Users\ToYu\notepad++\session.xml  3237/3237 bytes are written.
2025-02-15 12:03:32  C:\Users\ToYu\notepad++\session.xml is closed.
2025-02-15 12:03:32  WM_DESTROY (isEndSessionStarted == true)
2025-02-16 00:22:31  WM_QUERYENDSESSION (lParam: 2147483648 - ENDSESSION_LOGOFF) =====================================
2025-02-16 00:22:32  WM_ENDSESSION (wParam: TRUE, lParam: 2147483648 - ENDSESSION_LOGOFF)
2025-02-16 00:22:33  C:\Users\ToYu\Notepad++\config.xml is opened.
2025-02-16 00:22:33  C:\Users\ToYu\Notepad++\config.xml  10770/10770 bytes are written.
2025-02-16 00:22:33  C:\Users\ToYu\Notepad++\config.xml is closed.
2025-02-16 00:22:33  C:\Users\ToYu\Notepad++\session.xml is opened.
2025-02-16 00:22:33  C:\Users\ToYu\Notepad++\session.xml  4422/4422 bytes are written.
2025-02-16 00:22:33  C:\Users\ToYu\Notepad++\session.xml is closed.
2025-02-16 00:22:33  WM_DESTROY (isEndSessionStarted == true)
2025-02-16 08:01:13  WM_QUERYENDSESSION (lParam: 2147483648 - ENDSESSION_LOGOFF) =====================================
2025-02-16 08:01:13  WM_ENDSESSION (wParam: TRUE, lParam: 2147483648 - ENDSESSION_LOGOFF)
2025-02-16 08:01:14  C:\Users\ToYu\Notepad++\config.xml is opened.
2025-02-16 08:01:14  C:\Users\ToYu\Notepad++\config.xml  10770/10770 bytes are written.
2025-02-16 08:01:14  C:\Users\ToYu\Notepad++\config.xml is closed.
2025-02-16 08:01:14  C:\Users\ToYu\Notepad++\session.xml is opened.
2025-02-16 08:01:14  C:\Users\ToYu\Notepad++\session.xml  5094/5094 bytes are written.
2025-02-16 08:01:14  C:\Users\ToYu\Notepad++\session.xml is closed.
2025-02-16 08:01:14  WM_DESTROY (isEndSessionStarted == true)
2025-02-16 08:33:47  WM_QUERYENDSESSION (lParam: 2147483648 - ENDSESSION_LOGOFF) =====================================
2025-02-16 08:33:47  WM_ENDSESSION (wParam: TRUE, lParam: 2147483648 - ENDSESSION_LOGOFF)
2025-02-16 08:33:48  C:\Users\ToYu\Notepad++\config.xml is opened.
2025-02-16 08:33:48  C:\Users\ToYu\Notepad++\config.xml  10770/10770 bytes are written.
2025-02-16 08:33:48  C:\Users\ToYu\Notepad++\config.xml is closed.
2025-02-16 08:33:48  C:\Users\ToYu\Notepad++\session.xml is opened.
2025-02-16 08:33:48  C:\Users\ToYu\Notepad++\session.xml  5094/5094 bytes are written.
2025-02-16 08:33:48  C:\Users\ToYu\Notepad++\session.xml is closed.
2025-02-16 08:33:48  WM_DESTROY (isEndSessionStarted == true)
2025-02-16 08:50:19  WM_QUERYENDSESSION (lParam: 0 - ordinary system shutdown/restart) =====================================
2025-02-16 08:50:20  WM_ENDSESSION (wParam: TRUE, lParam: 0 - ordinary system shutdown/restart)
2025-02-16 08:50:21  C:\Users\ToYu\Notepad++\config.xml is opened.
2025-02-16 08:50:21  C:\Users\ToYu\Notepad++\config.xml  10770/10770 bytes are written.
2025-02-16 08:50:21  C:\Users\ToYu\Notepad++\config.xml is closed.
2025-02-16 08:50:21  C:\Users\ToYu\Notepad++\session.xml is opened.
2025-02-16 08:50:21  C:\Users\ToYu\Notepad++\session.xml  5749/5749 bytes are written.
2025-02-16 08:50:21  C:\Users\ToYu\Notepad++\session.xml is closed.
2025-02-16 08:50:21  WM_DESTROY (isEndSessionStarted == true)
2025-02-16 08:59:52  WM_QUERYENDSESSION (lParam: 2147483648 - ENDSESSION_LOGOFF) =====================================
2025-02-16 08:59:52  WM_ENDSESSION (wParam: TRUE, lParam: 2147483648 - ENDSESSION_LOGOFF)
2025-02-16 08:59:53  C:\Users\ToYu\Notepad++\config.xml is opened.
2025-02-16 08:59:53  C:\Users\ToYu\Notepad++\config.xml  10742/10742 bytes are written.
2025-02-16 08:59:53  C:\Users\ToYu\Notepad++\config.xml is closed.
2025-02-16 08:59:53  C:\Users\ToYu\Notepad++\session.xml is opened.
2025-02-16 08:59:53  C:\Users\ToYu\Notepad++\session.xml  5661/5661 bytes are written.
2025-02-16 08:59:53  C:\Users\ToYu\Notepad++\session.xml is closed.
2025-02-16 08:59:53  WM_DESTROY (isEndSessionStarted == true)
2025-02-17 13:27:44  WM_QUERYENDSESSION (lParam: 2147483648 - ENDSESSION_LOGOFF) =====================================
2025-02-17 13:27:44  WM_ENDSESSION (wParam: TRUE, lParam: 2147483648 - ENDSESSION_LOGOFF)
2025-02-17 13:27:46  C:\Users\ToYu\notepad++\config.xml is opened.
2025-02-17 13:27:46  C:\Users\ToYu\notepad++\config.xml  10972/10972 bytes are written.
2025-02-17 13:27:46  C:\Users\ToYu\notepad++\config.xml is closed.
2025-02-17 13:27:46  C:\Users\ToYu\notepad++\session.xml is opened.
2025-02-17 13:27:46  C:\Users\ToYu\notepad++\session.xml  6257/6257 bytes are written.
2025-02-17 13:27:46  C:\Users\ToYu\notepad++\session.xml is closed.
2025-02-17 13:27:46  WM_DESTROY (isEndSessionStarted == true)
2025-02-17 21:29:59  WM_QUERYENDSESSION (lParam: 2147483648 - ENDSESSION_LOGOFF) =====================================
2025-02-17 21:30:00  WM_ENDSESSION (wParam: TRUE, lParam: 2147483648 - ENDSESSION_LOGOFF)
2025-02-17 21:30:00  C:\Users\ToYu\Notepad++\config.xml is opened.
2025-02-17 21:30:00  C:\Users\ToYu\Notepad++\config.xml  10971/10971 bytes are written.
2025-02-17 21:30:00  C:\Users\ToYu\Notepad++\config.xml is closed.
2025-02-17 21:30:00  C:\Users\ToYu\Notepad++\session.xml is opened.
2025-02-17 21:30:00  C:\Users\ToYu\Notepad++\session.xml  5603/5603 bytes are written.
2025-02-17 21:30:00  C:\Users\ToYu\Notepad++\session.xml is closed.
2025-02-17 21:30:00  WM_DESTROY (isEndSessionStarted == true)
2025-02-17 21:33:02  WM_QUERYENDSESSION (lParam: 0 - ordinary system shutdown/restart) =====================================
2025-02-17 21:33:03  WM_ENDSESSION (wParam: TRUE, lParam: 0 - ordinary system shutdown/restart)
2025-02-17 21:33:04  C:\Users\ToYu\Notepad++\config.xml is opened.
2025-02-17 21:33:04  C:\Users\ToYu\Notepad++\config.xml  10973/10973 bytes are written.
2025-02-17 21:33:04  C:\Users\ToYu\Notepad++\config.xml is closed.
2025-02-17 21:33:04  C:\Users\ToYu\Notepad++\session.xml is opened.
2025-02-17 21:33:04  C:\Users\ToYu\Notepad++\session.xml  5603/5603 bytes are written.
2025-02-17 21:33:04  C:\Users\ToYu\Notepad++\session.xml is closed.
2025-02-17 21:33:04  WM_DESTROY (isEndSessionStarted == true)
2025-02-18 08:47:43  WM_QUERYENDSESSION (lParam: 1073741824 - ENDSESSION_CRITICAL) =====================================
2025-02-18 08:47:43  WM_ENDSESSION (wParam: TRUE, lParam: 1073741824 - ENDSESSION_CRITICAL)
2025-02-18 08:47:43  C:\Users\ToYu\Notepad++\config.xml is opened.
2025-02-18 08:47:43  C:\Users\ToYu\Notepad++\config.xml  10680/10680 bytes are written.
2025-02-18 08:47:43  C:\Users\ToYu\Notepad++\config.xml is closed.
2025-02-18 08:47:43  C:\Users\ToYu\Notepad++\session.xml is opened.
2025-02-18 08:47:43  C:\Users\ToYu\Notepad++\session.xml  2013/2013 bytes are written.
2025-02-18 08:47:43  C:\Users\ToYu\Notepad++\session.xml is closed.
2025-02-18 08:47:43  WM_DESTROY (isEndSessionStarted == true)
2025-02-18 21:21:15  WM_QUERYENDSESSION (lParam: 2147483648 - ENDSESSION_LOGOFF) =====================================
2025-02-18 21:21:16  WM_ENDSESSION (wParam: TRUE, lParam: 2147483648 - ENDSESSION_LOGOFF)
2025-02-18 21:21:17  C:\Users\ToYu\Notepad++\config.xml is opened.
2025-02-18 21:21:17  C:\Users\ToYu\Notepad++\config.xml  10543/10543 bytes are written.
2025-02-18 21:21:17  C:\Users\ToYu\Notepad++\config.xml is closed.
2025-02-18 21:21:17  C:\Users\ToYu\Notepad++\session.xml is opened.
2025-02-18 21:21:17  C:\Users\ToYu\Notepad++\session.xml  3214/3214 bytes are written.
2025-02-18 21:21:17  C:\Users\ToYu\Notepad++\session.xml is closed.
2025-02-18 21:21:17  WM_DESTROY (isEndSessionStarted == true)
2025-02-19 13:14:13  WM_QUERYENDSESSION (lParam: 2147483648 - ENDSESSION_LOGOFF) =====================================
2025-02-19 13:14:13  WM_ENDSESSION (wParam: TRUE, lParam: 2147483648 - ENDSESSION_LOGOFF)
2025-02-19 13:14:14  C:\Users\ToYu\Notepad++\config.xml is opened.
2025-02-19 13:14:14  C:\Users\ToYu\Notepad++\config.xml  10756/10756 bytes are written.
2025-02-19 13:14:14  C:\Users\ToYu\Notepad++\config.xml is closed.
2025-02-19 13:14:14  C:\Users\ToYu\Notepad++\session.xml is opened.
2025-02-19 13:14:14  C:\Users\ToYu\Notepad++\session.xml  3733/3733 bytes are written.
2025-02-19 13:14:14  C:\Users\ToYu\Notepad++\session.xml is closed.
2025-02-19 13:14:14  WM_DESTROY (isEndSessionStarted == true)
2025-02-19 13:46:05  WM_QUERYENDSESSION (lParam: 2147483648 - ENDSESSION_LOGOFF) =====================================
2025-02-19 13:46:06  WM_ENDSESSION (wParam: TRUE, lParam: 2147483648 - ENDSESSION_LOGOFF)
2025-02-19 13:46:07  C:\Users\ToYu\Notepad++\config.xml is opened.
2025-02-19 13:46:07  C:\Users\ToYu\Notepad++\config.xml  10756/10756 bytes are written.
2025-02-19 13:46:07  C:\Users\ToYu\Notepad++\config.xml is closed.
2025-02-19 13:46:07  C:\Users\ToYu\Notepad++\session.xml is opened.
2025-02-19 13:46:07  C:\Users\ToYu\Notepad++\session.xml  2665/2665 bytes are written.
2025-02-19 13:46:07  C:\Users\ToYu\Notepad++\session.xml is closed.
2025-02-19 13:46:07  WM_DESTROY (isEndSessionStarted == true)
2025-02-19 14:48:43  WM_QUERYENDSESSION (lParam: 2147483648 - ENDSESSION_LOGOFF) =====================================
2025-02-19 14:48:44  WM_ENDSESSION (wParam: TRUE, lParam: 2147483648 - ENDSESSION_LOGOFF)
2025-02-19 14:48:45  C:\Users\ToYu\Notepad++\config.xml is opened.
2025-02-19 14:48:45  C:\Users\ToYu\Notepad++\config.xml  10756/10756 bytes are written.
2025-02-19 14:48:45  C:\Users\ToYu\Notepad++\config.xml is closed.
2025-02-19 14:48:45  C:\Users\ToYu\Notepad++\session.xml is opened.
2025-02-19 14:48:45  C:\Users\ToYu\Notepad++\session.xml  2665/2665 bytes are written.
2025-02-19 14:48:45  C:\Users\ToYu\Notepad++\session.xml is closed.
2025-02-19 14:48:45  WM_DESTROY (isEndSessionStarted == true)
2025-02-19 16:29:37  WM_QUERYENDSESSION (lParam: 2147483648 - ENDSESSION_LOGOFF) =====================================
2025-02-19 16:29:37  WM_ENDSESSION (wParam: TRUE, lParam: 2147483648 - ENDSESSION_LOGOFF)
2025-02-19 16:29:38  C:\Users\ToYu\notepad++\config.xml is opened.
2025-02-19 16:29:38  C:\Users\ToYu\notepad++\config.xml  11098/11098 bytes are written.
2025-02-19 16:29:38  C:\Users\ToYu\notepad++\config.xml is closed.
2025-02-19 16:29:38  C:\Users\ToYu\notepad++\session.xml is opened.
2025-02-19 16:29:38  C:\Users\ToYu\notepad++\session.xml  1414/1414 bytes are written.
2025-02-19 16:29:38  C:\Users\ToYu\notepad++\session.xml is closed.
2025-02-19 16:29:38  WM_DESTROY (isEndSessionStarted == true)
2025-02-19 16:31:04  WM_QUERYENDSESSION (lParam: 0 - ordinary system shutdown/restart) =====================================
2025-02-19 16:31:04  WM_ENDSESSION (wParam: TRUE, lParam: 0 - ordinary system shutdown/restart)
2025-02-19 16:31:05  C:\Users\ToYu\Notepad++\config.xml is opened.
2025-02-19 16:31:05  C:\Users\ToYu\Notepad++\config.xml  11098/11098 bytes are written.
2025-02-19 16:31:05  C:\Users\ToYu\Notepad++\config.xml is closed.
2025-02-19 16:31:05  C:\Users\ToYu\Notepad++\session.xml is opened.
2025-02-19 16:31:05  C:\Users\ToYu\Notepad++\session.xml  1414/1414 bytes are written.
2025-02-19 16:31:05  C:\Users\ToYu\Notepad++\session.xml is closed.
2025-02-19 16:31:05  WM_DESTROY (isEndSessionStarted == true)
2025-02-20 08:30:57  WM_QUERYENDSESSION (lParam: 0 - ordinary system shutdown/restart) =====================================
2025-02-20 08:30:57  WM_ENDSESSION (wParam: TRUE, lParam: 0 - ordinary system shutdown/restart)
2025-02-20 08:30:58  C:\Users\ToYu\notepad++\config.xml is opened.
2025-02-20 08:30:58  C:\Users\ToYu\notepad++\config.xml  11091/11091 bytes are written.
2025-02-20 08:30:58  C:\Users\ToYu\notepad++\config.xml is closed.
2025-02-20 08:30:58  C:\Users\ToYu\notepad++\session.xml is opened.
2025-02-20 08:30:58  C:\Users\ToYu\notepad++\session.xml  3265/3265 bytes are written.
2025-02-20 08:30:58  C:\Users\ToYu\notepad++\session.xml is closed.
2025-02-20 08:30:58  WM_DESTROY (isEndSessionStarted == true)
2025-02-21 16:55:19  WM_QUERYENDSESSION (lParam: 2147483648 - ENDSESSION_LOGOFF) =====================================
2025-02-21 16:55:20  WM_ENDSESSION (wParam: TRUE, lParam: 2147483648 - ENDSESSION_LOGOFF)
2025-02-21 16:55:20  C:\Users\ToYu\notepad++\config.xml is opened.
2025-02-21 16:55:20  C:\Users\ToYu\notepad++\config.xml  11031/11031 bytes are written.
2025-02-21 16:55:20  C:\Users\ToYu\notepad++\config.xml is closed.
2025-02-21 16:55:20  C:\Users\ToYu\notepad++\session.xml is opened.
2025-02-21 16:55:21  C:\Users\ToYu\notepad++\session.xml  5568/5568 bytes are written.
2025-02-21 16:55:21  C:\Users\ToYu\notepad++\session.xml is closed.
2025-02-21 16:55:21  WM_DESTROY (isEndSessionStarted == true)
2025-02-22 11:33:24  WM_QUERYENDSESSION (lParam: 1073741824 - ENDSESSION_CRITICAL) =====================================
2025-02-22 11:33:24  WM_ENDSESSION (wParam: TRUE, lParam: 1073741824 - ENDSESSION_CRITICAL)
2025-02-22 11:33:25  C:\Users\ToYu\Notepad++\config.xml is opened.
2025-02-22 11:33:25  C:\Users\ToYu\Notepad++\config.xml  11293/11293 bytes are written.
2025-02-22 11:33:25  C:\Users\ToYu\Notepad++\config.xml is closed.
2025-02-22 11:33:25  C:\Users\ToYu\Notepad++\session.xml is opened.
2025-02-22 11:33:25  C:\Users\ToYu\Notepad++\session.xml  4332/4332 bytes are written.
2025-02-22 11:33:25  C:\Users\ToYu\Notepad++\session.xml is closed.
2025-02-22 11:33:25  WM_DESTROY (isEndSessionStarted == true)
2025-02-22 16:05:56  WM_QUERYENDSESSION (lParam: 0 - ordinary system shutdown/restart) =====================================
2025-02-22 16:05:56  WM_ENDSESSION (wParam: TRUE, lParam: 0 - ordinary system shutdown/restart)
2025-02-22 16:05:57  C:\Users\ToYu\Notepad++\config.xml is opened.
2025-02-22 16:05:57  C:\Users\ToYu\Notepad++\config.xml  11293/11293 bytes are written.
2025-02-22 16:05:57  C:\Users\ToYu\Notepad++\config.xml is closed.
2025-02-22 16:05:57  C:\Users\ToYu\Notepad++\session.xml is opened.
2025-02-22 16:05:57  C:\Users\ToYu\Notepad++\session.xml  3728/3728 bytes are written.
2025-02-22 16:05:57  C:\Users\ToYu\Notepad++\session.xml is closed.
2025-02-22 16:05:57  WM_DESTROY (isEndSessionStarted == true)
2025-02-22 17:03:47  WM_QUERYENDSESSION (lParam: 0 - ordinary system shutdown/restart) =====================================
2025-02-22 17:03:47  WM_ENDSESSION (wParam: TRUE, lParam: 0 - ordinary system shutdown/restart)
2025-02-22 17:03:48  C:\Users\ToYu\Notepad++\config.xml is opened.
2025-02-22 17:03:48  C:\Users\ToYu\Notepad++\config.xml  11293/11293 bytes are written.
2025-02-22 17:03:48  C:\Users\ToYu\Notepad++\config.xml is closed.
2025-02-22 17:03:48  C:\Users\ToYu\Notepad++\session.xml is opened.
2025-02-22 17:03:48  C:\Users\ToYu\Notepad++\session.xml  3726/3726 bytes are written.
2025-02-22 17:03:48  C:\Users\ToYu\Notepad++\session.xml is closed.
2025-02-22 17:03:48  WM_DESTROY (isEndSessionStarted == true)
2025-02-22 17:15:13  WM_QUERYENDSESSION (lParam: 2147483648 - ENDSESSION_LOGOFF) =====================================
2025-02-22 17:15:15  WM_ENDSESSION (wParam: TRUE, lParam: 2147483648 - ENDSESSION_LOGOFF)
2025-02-25 02:36:07  WM_QUERYENDSESSION (lParam: 1073741824 - ENDSESSION_CRITICAL) =====================================
2025-02-25 02:36:07  WM_ENDSESSION (wParam: TRUE, lParam: 1073741824 - ENDSESSION_CRITICAL)
2025-02-25 02:36:09  C:\Users\ToYu\notepad++\config.xml is opened.
2025-02-25 02:36:09  C:\Users\ToYu\notepad++\config.xml  11069/11069 bytes are written.
2025-02-25 02:36:09  C:\Users\ToYu\notepad++\config.xml is closed.
2025-02-25 02:36:09  C:\Users\ToYu\notepad++\session.xml is opened.
2025-02-25 02:36:09  C:\Users\ToYu\notepad++\session.xml  4352/4352 bytes are written.
2025-02-25 02:36:09  C:\Users\ToYu\notepad++\session.xml is closed.
2025-02-25 02:36:09  WM_DESTROY (isEndSessionStarted == true)
2025-02-27 09:37:09  WM_QUERYENDSESSION (lParam: 2147483648 - ENDSESSION_LOGOFF) =====================================
2025-02-27 09:37:10  WM_ENDSESSION (wParam: TRUE, lParam: 2147483648 - ENDSESSION_LOGOFF)
2025-02-27 09:37:10  C:\Users\ToYu\Notepad++\config.xml is opened.
2025-02-27 09:37:10  C:\Users\ToYu\Notepad++\config.xml  11023/11023 bytes are written.
2025-02-27 09:37:10  C:\Users\ToYu\Notepad++\config.xml is closed.
2025-02-27 09:37:10  C:\Users\ToYu\Notepad++\session.xml is opened.
2025-02-27 09:37:10  C:\Users\ToYu\Notepad++\session.xml  4352/4352 bytes are written.
2025-02-27 09:37:10  C:\Users\ToYu\Notepad++\session.xml is closed.
2025-02-27 09:37:10  WM_DESTROY (isEndSessionStarted == true)
2025-02-27 21:24:18  WM_QUERYENDSESSION (lParam: 2147483648 - ENDSESSION_LOGOFF) =====================================
2025-02-27 21:24:18  WM_ENDSESSION (wParam: TRUE, lParam: 2147483648 - ENDSESSION_LOGOFF)
2025-02-27 21:24:19  C:\Users\ToYu\notepad++\config.xml is opened.
2025-02-27 21:24:19  C:\Users\ToYu\notepad++\config.xml  11219/11219 bytes are written.
2025-02-27 21:24:19  C:\Users\ToYu\notepad++\config.xml is closed.
2025-02-27 21:24:19  C:\Users\ToYu\notepad++\session.xml is opened.
2025-02-27 21:24:19  C:\Users\ToYu\notepad++\session.xml  3799/3799 bytes are written.
2025-02-27 21:24:19  C:\Users\ToYu\notepad++\session.xml is closed.
2025-02-27 21:24:19  WM_DESTROY (isEndSessionStarted == true)
2025-02-28 09:40:50  WM_QUERYENDSESSION (lParam: 0 - ordinary system shutdown/restart) =====================================
2025-02-28 09:40:51  WM_ENDSESSION (wParam: TRUE, lParam: 0 - ordinary system shutdown/restart)
2025-02-28 09:40:52  C:\Users\ToYu\notepad++\config.xml is opened.
2025-02-28 09:40:52  C:\Users\ToYu\notepad++\config.xml  11204/11204 bytes are written.
2025-02-28 09:40:52  C:\Users\ToYu\notepad++\config.xml is closed.
2025-02-28 09:40:52  C:\Users\ToYu\notepad++\session.xml is opened.
2025-02-28 09:40:52  C:\Users\ToYu\notepad++\session.xml  3797/3797 bytes are written.
2025-02-28 09:40:52  C:\Users\ToYu\notepad++\session.xml is closed.
2025-02-28 09:40:52  WM_DESTROY (isEndSessionStarted == true)
2025-03-01 15:24:11  WM_QUERYENDSESSION (lParam: 2147483648 - ENDSESSION_LOGOFF) =====================================
2025-03-01 15:24:12  WM_ENDSESSION (wParam: TRUE, lParam: 2147483648 - ENDSESSION_LOGOFF)
2025-03-01 15:24:13  C:\Users\ToYu\notepad++\config.xml is opened.
2025-03-01 15:24:13  C:\Users\ToYu\notepad++\config.xml  11143/11143 bytes are written.
2025-03-01 15:24:13  C:\Users\ToYu\notepad++\config.xml is closed.
2025-03-01 15:24:13  C:\Users\ToYu\notepad++\session.xml is opened.
2025-03-01 15:24:13  C:\Users\ToYu\notepad++\session.xml  4947/4947 bytes are written.
2025-03-01 15:24:13  C:\Users\ToYu\notepad++\session.xml is closed.
2025-03-01 15:24:13  WM_DESTROY (isEndSessionStarted == true)
2025-03-01 17:50:57  WM_QUERYENDSESSION (lParam: 2147483648 - ENDSESSION_LOGOFF) =====================================
2025-03-01 17:50:57  WM_ENDSESSION (wParam: TRUE, lParam: 2147483648 - ENDSESSION_LOGOFF)
2025-03-01 17:50:58  C:\Users\ToYu\Notepad++\config.xml is opened.
2025-03-01 17:50:58  C:\Users\ToYu\Notepad++\config.xml  10875/10875 bytes are written.
2025-03-01 17:50:58  C:\Users\ToYu\Notepad++\config.xml is closed.
2025-03-01 17:50:58  C:\Users\ToYu\Notepad++\session.xml is opened.
2025-03-01 17:50:58  C:\Users\ToYu\Notepad++\session.xml  5015/5015 bytes are written.
2025-03-01 17:50:58  C:\Users\ToYu\Notepad++\session.xml is closed.
2025-03-01 17:50:58  WM_DESTROY (isEndSessionStarted == true)
2025-03-03 09:34:21  WM_QUERYENDSESSION (lParam: 2147483648 - ENDSESSION_LOGOFF) =====================================
2025-03-03 09:34:21  WM_ENDSESSION (wParam: TRUE, lParam: 2147483648 - ENDSESSION_LOGOFF)
2025-03-03 09:34:23  C:\Users\ToYu\notepad++\config.xml is opened.
2025-03-03 09:34:23  C:\Users\ToYu\notepad++\config.xml  11126/11126 bytes are written.
2025-03-03 09:34:23  C:\Users\ToYu\notepad++\config.xml is closed.
2025-03-03 09:34:23  C:\Users\ToYu\notepad++\session.xml is opened.
2025-03-03 09:34:23  C:\Users\ToYu\notepad++\session.xml  4539/4539 bytes are written.
2025-03-03 09:34:23  C:\Users\ToYu\notepad++\session.xml is closed.
2025-03-03 09:34:23  WM_DESTROY (isEndSessionStarted == true)
2025-03-03 09:52:02  WM_QUERYENDSESSION (lParam: 0 - ordinary system shutdown/restart) =====================================
2025-03-03 09:52:03  WM_ENDSESSION (wParam: TRUE, lParam: 0 - ordinary system shutdown/restart)
2025-03-03 09:52:04  C:\Users\ToYu\Notepad++\config.xml is opened.
2025-03-03 09:52:04  C:\Users\ToYu\Notepad++\config.xml  11126/11126 bytes are written.
2025-03-03 09:52:04  C:\Users\ToYu\Notepad++\config.xml is closed.
2025-03-03 09:52:04  C:\Users\ToYu\Notepad++\session.xml is opened.
2025-03-03 09:52:04  C:\Users\ToYu\Notepad++\session.xml  4539/4539 bytes are written.
2025-03-03 09:52:04  C:\Users\ToYu\Notepad++\session.xml is closed.
2025-03-03 09:52:04  WM_DESTROY (isEndSessionStarted == true)
2025-03-03 17:17:54  WM_QUERYENDSESSION (lParam: 2147483648 - ENDSESSION_LOGOFF) =====================================
2025-03-03 17:17:54  WM_ENDSESSION (wParam: TRUE, lParam: 2147483648 - ENDSESSION_LOGOFF)
2025-03-03 17:17:55  C:\Users\ToYu\Notepad++\config.xml is opened.
2025-03-03 17:17:55  C:\Users\ToYu\Notepad++\config.xml  10971/10971 bytes are written.
2025-03-03 17:17:55  C:\Users\ToYu\Notepad++\config.xml is closed.
2025-03-03 17:17:55  C:\Users\ToYu\Notepad++\session.xml is opened.
2025-03-03 17:17:55  C:\Users\ToYu\Notepad++\session.xml  3781/3781 bytes are written.
2025-03-03 17:17:55  C:\Users\ToYu\Notepad++\session.xml is closed.
2025-03-03 17:17:55  WM_DESTROY (isEndSessionStarted == true)
2025-03-03 18:30:51  WM_QUERYENDSESSION (lParam: 0 - ordinary system shutdown/restart) =====================================
2025-03-03 18:30:52  WM_ENDSESSION (wParam: TRUE, lParam: 0 - ordinary system shutdown/restart)
2025-03-03 18:30:54  C:\Users\ToYu\notepad++\config.xml is opened.
2025-03-03 18:30:54  C:\Users\ToYu\notepad++\config.xml  11005/11005 bytes are written.
2025-03-03 18:30:54  C:\Users\ToYu\notepad++\config.xml is closed.
2025-03-03 19:14:17  WM_QUERYENDSESSION (lParam: 2147483648 - ENDSESSION_LOGOFF) =====================================
2025-03-03 19:14:17  WM_ENDSESSION (wParam: TRUE, lParam: 2147483648 - ENDSESSION_LOGOFF)
2025-03-03 19:14:19  C:\Users\ToYu\Notepad++\config.xml is opened.
2025-03-03 19:14:19  C:\Users\ToYu\Notepad++\config.xml  10895/10895 bytes are written.
2025-03-03 19:14:19  C:\Users\ToYu\Notepad++\config.xml is closed.
2025-03-03 19:14:19  C:\Users\ToYu\Notepad++\session.xml is opened.
2025-03-03 19:14:19  C:\Users\ToYu\Notepad++\session.xml  3821/3821 bytes are written.
2025-03-03 19:14:19  C:\Users\ToYu\Notepad++\session.xml is closed.
2025-03-03 19:14:19  WM_DESTROY (isEndSessionStarted == true)
2025-03-03 19:44:10  WM_QUERYENDSESSION (lParam: 2147483648 - ENDSESSION_LOGOFF) =====================================
2025-03-03 19:44:11  WM_ENDSESSION (wParam: TRUE, lParam: 2147483648 - ENDSESSION_LOGOFF)
2025-03-03 19:44:13  C:\Users\ToYu\Notepad++\config.xml is opened.
2025-03-03 19:44:13  C:\Users\ToYu\Notepad++\config.xml  11005/11005 bytes are written.
2025-03-03 19:44:13  C:\Users\ToYu\Notepad++\config.xml is closed.
2025-03-03 19:44:13  C:\Users\ToYu\Notepad++\session.xml is opened.
2025-03-03 19:44:13  C:\Users\ToYu\Notepad++\session.xml  4377/4377 bytes are written.
2025-03-03 19:44:13  C:\Users\ToYu\Notepad++\session.xml is closed.
2025-03-03 19:44:13  WM_DESTROY (isEndSessionStarted == true)
2025-03-03 19:45:32  WM_QUERYENDSESSION (lParam: 0 - ordinary system shutdown/restart) =====================================
2025-03-03 20:00:37  WM_QUERYENDSESSION (lParam: 2147483648 - ENDSESSION_LOGOFF) =====================================
2025-03-03 20:00:39  WM_ENDSESSION (wParam: TRUE, lParam: 2147483648 - ENDSESSION_LOGOFF)
2025-03-03 20:00:40  C:\Users\ToYu\Notepad++\config.xml is opened.
2025-03-03 20:00:40  C:\Users\ToYu\Notepad++\config.xml  11071/11071 bytes are written.
2025-03-03 20:00:40  C:\Users\ToYu\Notepad++\config.xml is closed.
2025-03-03 20:00:40  C:\Users\ToYu\Notepad++\session.xml is opened.
2025-03-03 20:00:40  C:\Users\ToYu\Notepad++\session.xml  3180/3180 bytes are written.
2025-03-03 20:00:40  C:\Users\ToYu\Notepad++\session.xml is closed.
2025-03-03 20:00:40  WM_DESTROY (isEndSessionStarted == true)
2025-03-03 20:03:37  WM_QUERYENDSESSION (lParam: 0 - ordinary system shutdown/restart) =====================================
2025-03-03 20:03:37  WM_ENDSESSION (wParam: TRUE, lParam: 0 - ordinary system shutdown/restart)
2025-03-03 20:03:38  C:\Users\ToYu\Notepad++\config.xml is opened.
2025-03-03 20:03:38  C:\Users\ToYu\Notepad++\config.xml  11071/11071 bytes are written.
2025-03-03 20:03:38  C:\Users\ToYu\Notepad++\config.xml is closed.
2025-03-03 20:03:38  C:\Users\ToYu\Notepad++\session.xml is opened.
2025-03-03 20:03:38  C:\Users\ToYu\Notepad++\session.xml  3180/3180 bytes are written.
2025-03-03 20:03:38  C:\Users\ToYu\Notepad++\session.xml is closed.
2025-03-03 20:03:38  WM_DESTROY (isEndSessionStarted == true)
2025-03-06 08:47:56  WM_QUERYENDSESSION (lParam: 0 - ordinary system shutdown/restart) =====================================
2025-03-06 08:47:58  WM_ENDSESSION (wParam: TRUE, lParam: 0 - ordinary system shutdown/restart)
2025-03-06 08:47:59  C:\Users\ToYu\Notepad++\config.xml is opened.
2025-03-06 08:47:59  C:\Users\ToYu\Notepad++\config.xml  11099/11099 bytes are written.
2025-03-06 08:47:59  C:\Users\ToYu\Notepad++\config.xml is closed.
2025-03-06 08:47:59  C:\Users\ToYu\Notepad++\session.xml is opened.
2025-03-06 08:47:59  C:\Users\ToYu\Notepad++\session.xml  6347/6347 bytes are written.
2025-03-06 08:47:59  C:\Users\ToYu\Notepad++\session.xml is closed.
2025-03-06 08:47:59  WM_DESTROY (isEndSessionStarted == true)
2025-03-06 14:18:32  WM_QUERYENDSESSION (lParam: 0 - ordinary system shutdown/restart) =====================================
2025-03-06 14:18:33  WM_ENDSESSION (wParam: TRUE, lParam: 0 - ordinary system shutdown/restart)
2025-03-06 14:18:34  C:\Users\ToYu\Notepad++\config.xml is opened.
2025-03-06 14:18:34  C:\Users\ToYu\Notepad++\config.xml  11099/11099 bytes are written.
2025-03-06 14:18:35  C:\Users\ToYu\Notepad++\config.xml is closed.
2025-03-06 14:18:35  C:\Users\ToYu\Notepad++\session.xml is opened.
2025-03-06 14:18:35  C:\Users\ToYu\Notepad++\session.xml  5597/5597 bytes are written.
2025-03-06 14:18:36  C:\Users\ToYu\Notepad++\session.xml is closed.
2025-03-06 14:18:36  WM_DESTROY (isEndSessionStarted == true)
